<?xml version="1.0" encoding="UTF-8"?>
<testsuite name="infraestructure.SuperHeroControllerTest" tests="6" skipped="0" failures="0" errors="0" timestamp="2024-02-21T17:24:57" hostname="Air-de-Andrea.home" time="0.549">
  <properties/>
  <testcase name="createSuperHero()" classname="infraestructure.SuperHeroControllerTest" time="0.533"/>
  <testcase name="getSuperHeroById()" classname="infraestructure.SuperHeroControllerTest" time="0.002"/>
  <testcase name="deleteSuperHero()" classname="infraestructure.SuperHeroControllerTest" time="0.003"/>
  <testcase name="getSuperHeroByIdNotFound()" classname="infraestructure.SuperHeroControllerTest" time="0.001"/>
  <testcase name="updateSuperHeroNotFound()" classname="infraestructure.SuperHeroControllerTest" time="0.004"/>
  <testcase name="getSuperHeroesByName()" classname="infraestructure.SuperHeroControllerTest" time="0.002"/>
  <system-out><![CDATA[]]></system-out>
  <system-err><![CDATA[WARNING: A Java agent has been loaded dynamically (/Users/andrea/.gradle/caches/modules-2/files-2.1/net.bytebuddy/byte-buddy-agent/1.14.11/f9cb566608fbac6bc7bf54901a7aa11543a989ee/byte-buddy-agent-1.14.11.jar)
WARNING: If a serviceability tool is in use, please run with -XX:+EnableDynamicAgentLoading to hide this warning
WARNING: If a serviceability tool is not in use, please run with -Djdk.instrument.traceUsage for more information
WARNING: Dynamic loading of agents will be disallowed by default in a future release
]]></system-err>
</testsuite>
